[2023-07-06T08:10:55.666177+00:00] main.INFO: Broken reference: the 'tracking' element cannot be added as child to 'header', because the latter doesn't exist [] []
[2023-07-06T08:10:55.667468+00:00] main.INFO: Broken reference: the 'notification_area' element cannot be added as child to 'notifications', because the latter doesn't exist [] []
[2023-07-06T08:10:55.668604+00:00] main.INFO: Broken reference: the 'unread_system_messages' element cannot be added as child to 'notifications', because the latter doesn't exist [] []
[2023-07-06T08:10:55.669965+00:00] main.INFO: Broken reference: the 'notification_window' element cannot be added as child to 'notifications', because the latter doesn't exist [] []
[2023-07-06T08:10:55.671115+00:00] main.INFO: Broken reference: the 'notification.messages' element cannot be added as child to 'header', because the latter doesn't exist [] []
[2023-07-06T08:10:55.672216+00:00] main.INFO: Broken reference: the 'global_notices' element cannot be added as child to 'global.notices', because the latter doesn't exist [] []
[2023-07-06T08:10:55.673317+00:00] main.INFO: Broken reference: the 'logo' element cannot be added as child to 'header', because the latter doesn't exist [] []
[2023-07-06T08:10:55.674430+00:00] main.INFO: Broken reference: the 'global.search' element cannot be added as child to 'header', because the latter doesn't exist [] []
[2023-07-06T08:10:55.675477+00:00] main.INFO: Broken reference: the 'user' element cannot be added as child to 'header', because the latter doesn't exist [] []
[2023-07-06T08:10:55.676548+00:00] main.INFO: Broken reference: the 'menu' element cannot be added as child to 'page.menu', because the latter doesn't exist [] []
[2023-07-06T08:10:55.677707+00:00] main.INFO: Broken reference: the 'breadcrumbs' element cannot be added as child to 'page.breadcrumbs', because the latter doesn't exist [] []
[2023-07-06T08:10:55.678771+00:00] main.INFO: Broken reference: the 'formkey' element cannot be added as child to 'page.formkey', because the latter doesn't exist [] []
[2023-07-06T08:10:55.679789+00:00] main.INFO: Broken reference: the 'page.title' element cannot be added as child to 'main.top', because the latter doesn't exist [] []
[2023-07-06T08:10:55.680841+00:00] main.INFO: Broken reference: the 'messages' element cannot be added as child to 'page.messages', because the latter doesn't exist [] []
[2023-07-06T08:10:55.681879+00:00] main.INFO: Broken reference: the 'page.actions.toolbar' element cannot be added as child to 'page.main.actions', because the latter doesn't exist [] []
[2023-07-06T08:10:55.682899+00:00] main.INFO: Broken reference: the 'legal' element cannot be added as child to 'footer', because the latter doesn't exist [] []
[2023-07-06T08:10:55.684146+00:00] main.INFO: Broken reference: the 'header.inner.left' element cannot be added as child to 'header', because the latter doesn't exist [] []
[2023-07-06T08:10:55.685201+00:00] main.INFO: Broken reference: the 'header.inner.right' element cannot be added as child to 'header', because the latter doesn't exist [] []
[2023-07-06T08:10:55.686396+00:00] main.INFO: Broken reference: the 'user' tries to reorder itself towards '', but their parents are different: 'header' and '' respectively. [] []
[2023-07-06T08:10:55.687560+00:00] main.INFO: Broken reference: the 'notification.messages' tries to reorder itself towards 'user', but their parents are different: 'header' and '' respectively. [] []
[2023-07-06T08:10:55.688594+00:00] main.INFO: Broken reference: the 'logo' tries to reorder itself towards '', but their parents are different: 'header' and '' respectively. [] []
[2023-07-06T08:10:55.689671+00:00] main.INFO: Broken reference: the 'global.search' tries to reorder itself towards 'logo', but their parents are different: 'header' and '' respectively. [] []
[2023-07-06T08:10:55.691013+00:00] main.INFO: Broken reference: the 'page.actions.toolbar' tries to reorder itself towards '', but their parents are different: 'page.main.actions' and '' respectively. [] []
[2023-07-06T08:10:55.692135+00:00] main.INFO: Broken reference: the 'header.inner.left' tries to reorder itself towards '', but their parents are different: 'header' and '' respectively. [] []
[2023-07-06T08:10:55.693195+00:00] main.INFO: Broken reference: the 'header.inner.right' tries to reorder itself towards 'header.inner.left', but their parents are different: 'header' and '' respectively. [] []
[2023-07-06T08:10:55.694270+00:00] main.INFO: Broken reference: the 'notification.messages' tries to reorder itself towards 'user', but their parents are different: 'header.inner.right' and '' respectively. [] []
[2023-07-06T08:12:09.793625+00:00] main.INFO: Item Magento_Backend::system_currency was removed [] []
[2023-07-06T08:12:09.802130+00:00] main.INFO: Add of item with id Magento_Config::system_config was processed [] []
[2023-07-06T08:12:09.802867+00:00] main.INFO: Add of item with id Magento_AdminNotification::system_adminnotification was processed [] []
[2023-07-06T08:12:09.803387+00:00] main.INFO: Add of item with id Magento_Theme::design_config was processed [] []
[2023-07-06T08:12:09.803870+00:00] main.INFO: Add of item with id Magento_Theme::system_design_theme was processed [] []
[2023-07-06T08:12:09.804345+00:00] main.INFO: Add of item with id Magento_Backend::system_design_schedule was processed [] []
[2023-07-06T08:12:09.804883+00:00] main.INFO: Add of item with id Magento_Backend::system_store was processed [] []
[2023-07-06T08:12:09.805551+00:00] main.INFO: Add of item with id Magento_Backend::dashboard was processed [] []
[2023-07-06T08:12:09.806244+00:00] main.INFO: Add of item with id Magento_Backend::system was processed [] []
[2023-07-06T08:12:09.806789+00:00] main.INFO: Add of item with id Magento_Backend::system_tools was processed [] []
[2023-07-06T08:12:09.807313+00:00] main.INFO: Add of item with id Magento_Backend::system_design was processed [] []
[2023-07-06T08:12:09.807805+00:00] main.INFO: Add of item with id Magento_Backend::system_convert was processed [] []
[2023-07-06T08:12:09.808322+00:00] main.INFO: Add of item with id Magento_Backend::system_cache was processed [] []
[2023-07-06T08:12:09.808803+00:00] main.INFO: Add of item with id Magento_Backend::marketing was processed [] []
[2023-07-06T08:12:09.809371+00:00] main.INFO: Add of item with id Magento_Backend::marketing_communications was processed [] []
[2023-07-06T08:12:09.809849+00:00] main.INFO: Add of item with id Magento_Backend::marketing_seo was processed [] []
[2023-07-06T08:12:09.810358+00:00] main.INFO: Add of item with id Magento_Backend::marketing_user_content was processed [] []
[2023-07-06T08:12:09.810835+00:00] main.INFO: Add of item with id Magento_Backend::content was processed [] []
[2023-07-06T08:12:09.811309+00:00] main.INFO: Add of item with id Magento_Backend::content_elements was processed [] []
[2023-07-06T08:12:09.811780+00:00] main.INFO: Add of item with id Magento_Backend::stores was processed [] []
[2023-07-06T08:12:09.812280+00:00] main.INFO: Add of item with id Magento_Backend::stores_settings was processed [] []
[2023-07-06T08:12:09.812759+00:00] main.INFO: Add of item with id Magento_Backend::stores_attributes was processed [] []
[2023-07-06T08:12:09.813245+00:00] main.INFO: Add of item with id Magento_Backend::other_settings was processed [] []
[2023-07-06T08:12:09.813717+00:00] main.INFO: Add of item with id Magento_Backend::system_other_settings was processed [] []
[2023-07-06T08:12:09.814189+00:00] main.INFO: Add of item with id Magento_User::system_acl was processed [] []
[2023-07-06T08:12:09.814686+00:00] main.INFO: Add of item with id Magento_User::system_acl_users was processed [] []
[2023-07-06T08:12:09.815161+00:00] main.INFO: Add of item with id Magento_User::system_acl_roles was processed [] []
[2023-07-06T08:12:09.815634+00:00] main.INFO: Add of item with id Magento_User::system_acl_locks was processed [] []
[2023-07-06T08:12:09.816104+00:00] main.INFO: Add of item with id Magento_Customer::customer was processed [] []
[2023-07-06T08:12:09.816641+00:00] main.INFO: Add of item with id Magento_Customer::customer_manage was processed [] []
[2023-07-06T08:12:09.817237+00:00] main.INFO: Add of item with id Magento_Customer::customer_online was processed [] []
[2023-07-06T08:12:09.817729+00:00] main.INFO: Add of item with id Magento_Customer::customer_group was processed [] []
[2023-07-06T08:12:09.818251+00:00] main.INFO: Add of item with id Magento_Backup::system_tools_backup was processed [] []
[2023-07-06T08:12:09.818725+00:00] main.INFO: Add of item with id Magento_Indexer::system_index was processed [] []
[2023-07-06T08:12:09.819199+00:00] main.INFO: Add of item with id Magento_Variable::system_variable was processed [] []
[2023-07-06T08:12:09.819798+00:00] main.INFO: Add of item with id Magento_Cms::cms_page was processed [] []
[2023-07-06T08:12:09.820280+00:00] main.INFO: Add of item with id Magento_Cms::cms_block was processed [] []
[2023-07-06T08:12:09.820780+00:00] main.INFO: Add of item with id Magento_Search::search_terms was processed [] []
[2023-07-06T08:12:09.821302+00:00] main.INFO: Add of item with id Magento_Search::search_synonyms was processed [] []
[2023-07-06T08:12:09.821788+00:00] main.INFO: Add of item with id Magento_Catalog::catalog was processed [] []
[2023-07-06T08:12:09.822303+00:00] main.INFO: Add of item with id Magento_Catalog::catalog_products was processed [] []
[2023-07-06T08:12:09.822826+00:00] main.INFO: Add of item with id Magento_Catalog::catalog_categories was processed [] []
[2023-07-06T08:12:09.823340+00:00] main.INFO: Add of item with id Magento_Catalog::catalog_attributes_attributes was processed [] []
[2023-07-06T08:12:09.823819+00:00] main.INFO: Add of item with id Magento_Catalog::catalog_attributes_sets was processed [] []
[2023-07-06T08:12:09.824317+00:00] main.INFO: Add of item with id Magento_Catalog::inventory was processed [] []
[2023-07-06T08:12:09.824795+00:00] main.INFO: Add of item with id Magento_CatalogRule::promo was processed [] []
[2023-07-06T08:12:09.825348+00:00] main.INFO: Add of item with id Magento_CatalogRule::promo_catalog was processed [] []
[2023-07-06T08:12:09.825826+00:00] main.INFO: Add of item with id Magento_MediaGalleryUi::media was processed [] []
[2023-07-06T08:12:09.826324+00:00] main.INFO: Add of item with id Magento_MediaGalleryUi::media_gallery was processed [] []
[2023-07-06T08:12:09.826800+00:00] main.INFO: Add of item with id Magento_Integration::system_extensions was processed [] []
[2023-07-06T08:12:09.827296+00:00] main.INFO: Add of item with id Magento_Integration::system_integrations was processed [] []
[2023-07-06T08:12:09.827771+00:00] main.INFO: Add of item with id Magento_Sales::sales was processed [] []
[2023-07-06T08:12:09.828269+00:00] main.INFO: Add of item with id Magento_Sales::sales_operation was processed [] []
[2023-07-06T08:12:09.828768+00:00] main.INFO: Add of item with id Magento_Sales::sales_order was processed [] []
[2023-07-06T08:12:09.829312+00:00] main.INFO: Add of item with id Magento_Sales::sales_invoice was processed [] []
[2023-07-06T08:12:09.829803+00:00] main.INFO: Add of item with id Magento_Sales::sales_shipment was processed [] []
[2023-07-06T08:12:09.830293+00:00] main.INFO: Add of item with id Magento_Sales::sales_creditmemo was processed [] []
[2023-07-06T08:12:09.830764+00:00] main.INFO: Add of item with id Magento_Sales::sales_transactions was processed [] []
[2023-07-06T08:12:09.831236+00:00] main.INFO: Add of item with id Magento_Sales::system_order_statuses was processed [] []
[2023-07-06T08:12:09.831706+00:00] main.INFO: Add of item with id Magento_Widget::cms_widget_instance was processed [] []
[2023-07-06T08:12:09.832204+00:00] main.INFO: Add of item with id Magento_Analytics::business_intelligence was processed [] []
[2023-07-06T08:12:09.832725+00:00] main.INFO: Add of item with id Magento_Analytics::advanced_reporting was processed [] []
[2023-07-06T08:12:09.833271+00:00] main.INFO: Add of item with id Magento_Analytics::bi_essentials was processed [] []
[2023-07-06T08:12:09.833868+00:00] main.INFO: Add of item with id Magento_Downloadable::report_products_downloads was processed [] []
[2023-07-06T08:12:09.834393+00:00] main.INFO: Add of item with id Magento_ImportExport::system_convert_import was processed [] []
[2023-07-06T08:12:09.834879+00:00] main.INFO: Add of item with id Magento_ImportExport::system_convert_export was processed [] []
[2023-07-06T08:12:09.835352+00:00] main.INFO: Add of item with id Magento_ImportExport::system_convert_history was processed [] []
[2023-07-06T08:12:09.835914+00:00] main.INFO: Add of item with id Magento_Email::template was processed [] []
[2023-07-06T08:12:09.836549+00:00] main.INFO: Add of item with id Magento_EncryptionKey::system_crypt_key was processed [] []
[2023-07-06T08:12:09.837124+00:00] main.INFO: Add of item with id Magento_InventoryAdminUi::inventory was processed [] []
[2023-07-06T08:12:09.837653+00:00] main.INFO: Add of item with id Magento_InventoryAdminUi::source was processed [] []
[2023-07-06T08:12:09.838141+00:00] main.INFO: Add of item with id Magento_InventoryAdminUi::stock was processed [] []
[2023-07-06T08:12:09.838627+00:00] main.INFO: Add of item with id Magento_Reports::report was processed [] []
[2023-07-06T08:12:09.839105+00:00] main.INFO: Add of item with id Magento_Reports::report_marketing was processed [] []
[2023-07-06T08:12:09.839727+00:00] main.INFO: Add of item with id Magento_Reports::report_salesroot was processed [] []
[2023-07-06T08:12:09.840254+00:00] main.INFO: Add of item with id Magento_Reports::report_salesroot_sales was processed [] []
[2023-07-06T08:12:09.840733+00:00] main.INFO: Add of item with id Magento_Reports::report_salesroot_tax was processed [] []
[2023-07-06T08:12:09.841248+00:00] main.INFO: Add of item with id Magento_Reports::report_salesroot_invoiced was processed [] []
[2023-07-06T08:12:09.841724+00:00] main.INFO: Add of item with id Magento_Reports::report_salesroot_shipping was processed [] []
[2023-07-06T08:12:09.842195+00:00] main.INFO: Add of item with id Magento_Reports::report_salesroot_refunded was processed [] []
[2023-07-06T08:12:09.842665+00:00] main.INFO: Add of item with id Magento_Reports::report_salesroot_coupons was processed [] []
[2023-07-06T08:12:09.843164+00:00] main.INFO: Add of item with id Magento_Reports::report_shopcart_product was processed [] []
[2023-07-06T08:12:09.843640+00:00] main.INFO: Add of item with id Magento_Reports::report_shopcart_abandoned was processed [] []
[2023-07-06T08:12:09.844111+00:00] main.INFO: Add of item with id Magento_Reports::report_products was processed [] []
[2023-07-06T08:12:09.844581+00:00] main.INFO: Add of item with id Magento_Reports::report_products_bestsellers was processed [] []
[2023-07-06T08:12:09.845098+00:00] main.INFO: Add of item with id Magento_Reports::report_products_sold was processed [] []
[2023-07-06T08:12:09.845571+00:00] main.INFO: Add of item with id Magento_Reports::report_products_viewed was processed [] []
[2023-07-06T08:12:09.846041+00:00] main.INFO: Add of item with id Magento_Reports::report_products_lowstock was processed [] []
[2023-07-06T08:12:09.846511+00:00] main.INFO: Add of item with id Magento_Reports::report_customers was processed [] []
[2023-07-06T08:12:09.847006+00:00] main.INFO: Add of item with id Magento_Reports::report_customers_accounts was processed [] []
[2023-07-06T08:12:09.847495+00:00] main.INFO: Add of item with id Magento_Reports::report_customers_totals was processed [] []
[2023-07-06T08:12:09.847963+00:00] main.INFO: Add of item with id Magento_Reports::report_customers_orders was processed [] []
[2023-07-06T08:12:09.848432+00:00] main.INFO: Add of item with id Magento_Reports::report_statistics was processed [] []
[2023-07-06T08:12:09.848987+00:00] main.INFO: Add of item with id Magento_Reports::report_statistics_refresh was processed [] []
[2023-07-06T08:12:09.849549+00:00] main.INFO: Add of item with id Magento_Search::report_search_term was processed [] []
[2023-07-06T08:12:09.850085+00:00] main.INFO: Add of item with id Magento_LoginAsCustomerLog::login_log was processed [] []
[2023-07-06T08:12:09.850560+00:00] main.INFO: Add of item with id Magento_Marketplace::partners was processed [] []
[2023-07-06T08:12:09.851032+00:00] main.INFO: Add of item with id Magento_Newsletter::newsletter_template was processed [] []
[2023-07-06T08:12:09.851560+00:00] main.INFO: Add of item with id Magento_Newsletter::newsletter_queue was processed [] []
[2023-07-06T08:12:09.852156+00:00] main.INFO: Add of item with id Magento_Newsletter::newsletter_subscriber was processed [] []
[2023-07-06T08:12:09.852658+00:00] main.INFO: Add of item with id Magento_Newsletter::newsletter_problem was processed [] []
[2023-07-06T08:12:09.853222+00:00] main.INFO: Add of item with id Magento_SalesRule::promo_quote was processed [] []
[2023-07-06T08:12:09.853739+00:00] main.INFO: Add of item with id Magento_Sitemap::catalog_sitemap was processed [] []
[2023-07-06T08:12:09.854224+00:00] main.INFO: Add of item with id Magento_PageBuilder::templates was processed [] []
[2023-07-06T08:12:09.854707+00:00] main.INFO: Add of item with id Magento_Paypal::report_salesroot_paypal_settlement_reports was processed [] []
[2023-07-06T08:12:09.855190+00:00] main.INFO: Add of item with id Magento_Paypal::paypal_billing_agreement was processed [] []
[2023-07-06T08:12:09.855678+00:00] main.INFO: Add of item with id Magento_CheckoutAgreements::sales_checkoutagreement was processed [] []
[2023-07-06T08:12:09.856187+00:00] main.INFO: Add of item with id Magento_Review::catalog_reviews_ratings_ratings was processed [] []
[2023-07-06T08:12:09.856708+00:00] main.INFO: Add of item with id Magento_Review::catalog_reviews_ratings_pending was processed [] []
[2023-07-06T08:12:09.857226+00:00] main.INFO: Add of item with id Magento_Review::catalog_reviews_ratings_reviews_all was processed [] []
[2023-07-06T08:12:09.857704+00:00] main.INFO: Add of item with id Magento_Review::report_review was processed [] []
[2023-07-06T08:12:09.858203+00:00] main.INFO: Add of item with id Magento_Review::report_review_customer was processed [] []
[2023-07-06T08:12:09.858680+00:00] main.INFO: Add of item with id Magento_Review::report_review_product was processed [] []
[2023-07-06T08:12:09.859154+00:00] main.INFO: Add of item with id Magento_UrlRewrite::urlrewrite was processed [] []
[2023-07-06T08:12:09.859654+00:00] main.INFO: Add of item with id Magento_Tax::sales_tax was processed [] []
[2023-07-06T08:12:09.860149+00:00] main.INFO: Add of item with id Magento_Tax::sales_tax_rules was processed [] []
[2023-07-06T08:12:09.860693+00:00] main.INFO: Add of item with id Magento_Tax::sales_tax_rates was processed [] []
[2023-07-06T08:12:09.861193+00:00] main.INFO: Add of item with id Magento_TaxImportExport::system_convert_tax was processed [] []
[2023-07-06T08:12:09.861693+00:00] main.INFO: Add of item with id Magento_AsynchronousOperations::system_magento_logging was processed [] []
[2023-07-06T08:12:09.862206+00:00] main.INFO: Add of item with id Magento_AsynchronousOperations::system_magento_logging_bulk_operations was processed [] []
[2023-07-06T08:12:09.862690+00:00] main.INFO: Add of item with id Magento_CurrencySymbol::system_currency was processed [] []
[2023-07-06T08:12:09.863281+00:00] main.INFO: Add of item with id Magento_CurrencySymbol::system_currency_rates was processed [] []
[2023-07-06T08:12:09.863837+00:00] main.INFO: Add of item with id Magento_CurrencySymbol::system_currency_symbols was processed [] []
[2023-07-06T08:12:09.864383+00:00] main.INFO: Add of item with id Magenest_Delivery::Magenest was processed [] []
[2023-07-06T08:12:09.864962+00:00] main.INFO: Add of item with id Magenest_Delivery::menu was processed [] []
[2023-07-06T08:12:09.865522+00:00] main.INFO: Add of item with id Magenest_Delivery::manage was processed [] []
[2023-07-06T08:12:09.866024+00:00] main.INFO: Add of item with id Magenest_Delivery::configuration was processed [] []
[2023-07-06T08:12:09.866517+00:00] main.INFO: Add of item with id PayPal_Braintree::settlement_report was processed [] []
[2023-07-06T08:12:09.867041+00:00] main.INFO: Add of item with id PayPal_Braintree::virtual_terminal was processed [] []
[2023-07-06T08:12:11.629845+00:00] main.INFO: Broken reference: the 'notification.messages' tries to reorder itself towards 'user', but their parents are different: 'header.inner.right' and 'header' respectively. [] []
[2023-07-06T08:13:20.991427+00:00] main.INFO: Broken reference: the 'notification.messages' tries to reorder itself towards 'user', but their parents are different: 'header.inner.right' and 'header' respectively. [] []
[2023-07-06T08:13:24.514552+00:00] main.INFO: Item Magento_Backend::system_currency was removed [] []
[2023-07-06T08:13:24.524470+00:00] main.INFO: Add of item with id Magento_Config::system_config was processed [] []
[2023-07-06T08:13:24.525281+00:00] main.INFO: Add of item with id Magento_AdminNotification::system_adminnotification was processed [] []
[2023-07-06T08:13:24.525902+00:00] main.INFO: Add of item with id Magento_Theme::design_config was processed [] []
[2023-07-06T08:13:24.526564+00:00] main.INFO: Add of item with id Magento_Theme::system_design_theme was processed [] []
[2023-07-06T08:13:24.527164+00:00] main.INFO: Add of item with id Magento_Backend::system_design_schedule was processed [] []
[2023-07-06T08:13:24.527737+00:00] main.INFO: Add of item with id Magento_Backend::system_store was processed [] []
[2023-07-06T08:13:24.528350+00:00] main.INFO: Add of item with id Magento_Backend::dashboard was processed [] []
[2023-07-06T08:13:24.528975+00:00] main.INFO: Add of item with id Magento_Backend::system was processed [] []
[2023-07-06T08:13:24.529609+00:00] main.INFO: Add of item with id Magento_Backend::system_tools was processed [] []
[2023-07-06T08:13:24.530345+00:00] main.INFO: Add of item with id Magento_Backend::system_design was processed [] []
[2023-07-06T08:13:24.531371+00:00] main.INFO: Add of item with id Magento_Backend::system_convert was processed [] []
[2023-07-06T08:13:24.532068+00:00] main.INFO: Add of item with id Magento_Backend::system_cache was processed [] []
[2023-07-06T08:13:24.532639+00:00] main.INFO: Add of item with id Magento_Backend::marketing was processed [] []
[2023-07-06T08:13:24.533239+00:00] main.INFO: Add of item with id Magento_Backend::marketing_communications was processed [] []
[2023-07-06T08:13:24.533786+00:00] main.INFO: Add of item with id Magento_Backend::marketing_seo was processed [] []
[2023-07-06T08:13:24.534340+00:00] main.INFO: Add of item with id Magento_Backend::marketing_user_content was processed [] []
[2023-07-06T08:13:24.534865+00:00] main.INFO: Add of item with id Magento_Backend::content was processed [] []
[2023-07-06T08:13:24.535346+00:00] main.INFO: Add of item with id Magento_Backend::content_elements was processed [] []
[2023-07-06T08:13:24.535835+00:00] main.INFO: Add of item with id Magento_Backend::stores was processed [] []
[2023-07-06T08:13:24.536470+00:00] main.INFO: Add of item with id Magento_Backend::stores_settings was processed [] []
[2023-07-06T08:13:24.537129+00:00] main.INFO: Add of item with id Magento_Backend::stores_attributes was processed [] []
[2023-07-06T08:13:24.537723+00:00] main.INFO: Add of item with id Magento_Backend::other_settings was processed [] []
[2023-07-06T08:13:24.538364+00:00] main.INFO: Add of item with id Magento_Backend::system_other_settings was processed [] []
[2023-07-06T08:13:24.538887+00:00] main.INFO: Add of item with id Magento_User::system_acl was processed [] []
[2023-07-06T08:13:24.539555+00:00] main.INFO: Add of item with id Magento_User::system_acl_users was processed [] []
[2023-07-06T08:13:24.540247+00:00] main.INFO: Add of item with id Magento_User::system_acl_roles was processed [] []
[2023-07-06T08:13:24.541077+00:00] main.INFO: Add of item with id Magento_User::system_acl_locks was processed [] []
[2023-07-06T08:13:24.541631+00:00] main.INFO: Add of item with id Magento_Customer::customer was processed [] []
[2023-07-06T08:13:24.542192+00:00] main.INFO: Add of item with id Magento_Customer::customer_manage was processed [] []
[2023-07-06T08:13:24.542736+00:00] main.INFO: Add of item with id Magento_Customer::customer_online was processed [] []
[2023-07-06T08:13:24.543213+00:00] main.INFO: Add of item with id Magento_Customer::customer_group was processed [] []
[2023-07-06T08:13:24.543689+00:00] main.INFO: Add of item with id Magento_Backup::system_tools_backup was processed [] []
[2023-07-06T08:13:24.544172+00:00] main.INFO: Add of item with id Magento_Indexer::system_index was processed [] []
[2023-07-06T08:13:24.544646+00:00] main.INFO: Add of item with id Magento_Variable::system_variable was processed [] []
[2023-07-06T08:13:24.545192+00:00] main.INFO: Add of item with id Magento_Cms::cms_page was processed [] []
[2023-07-06T08:13:24.545678+00:00] main.INFO: Add of item with id Magento_Cms::cms_block was processed [] []
[2023-07-06T08:13:24.546401+00:00] main.INFO: Add of item with id Magento_Search::search_terms was processed [] []
[2023-07-06T08:13:24.547076+00:00] main.INFO: Add of item with id Magento_Search::search_synonyms was processed [] []
[2023-07-06T08:13:24.547562+00:00] main.INFO: Add of item with id Magento_Catalog::catalog was processed [] []
[2023-07-06T08:13:24.548073+00:00] main.INFO: Add of item with id Magento_Catalog::catalog_products was processed [] []
[2023-07-06T08:13:24.548556+00:00] main.INFO: Add of item with id Magento_Catalog::catalog_categories was processed [] []
[2023-07-06T08:13:24.549100+00:00] main.INFO: Add of item with id Magento_Catalog::catalog_attributes_attributes was processed [] []
[2023-07-06T08:13:24.549652+00:00] main.INFO: Add of item with id Magento_Catalog::catalog_attributes_sets was processed [] []
[2023-07-06T08:13:24.550154+00:00] main.INFO: Add of item with id Magento_Catalog::inventory was processed [] []
[2023-07-06T08:13:24.550636+00:00] main.INFO: Add of item with id Magento_CatalogRule::promo was processed [] []
[2023-07-06T08:13:24.551138+00:00] main.INFO: Add of item with id Magento_CatalogRule::promo_catalog was processed [] []
[2023-07-06T08:13:24.551624+00:00] main.INFO: Add of item with id Magento_MediaGalleryUi::media was processed [] []
[2023-07-06T08:13:24.552130+00:00] main.INFO: Add of item with id Magento_MediaGalleryUi::media_gallery was processed [] []
[2023-07-06T08:13:24.552653+00:00] main.INFO: Add of item with id Magento_Integration::system_extensions was processed [] []
[2023-07-06T08:13:24.553225+00:00] main.INFO: Add of item with id Magento_Integration::system_integrations was processed [] []
[2023-07-06T08:13:24.553901+00:00] main.INFO: Add of item with id Magento_Sales::sales was processed [] []
[2023-07-06T08:13:24.554507+00:00] main.INFO: Add of item with id Magento_Sales::sales_operation was processed [] []
[2023-07-06T08:13:24.555052+00:00] main.INFO: Add of item with id Magento_Sales::sales_order was processed [] []
[2023-07-06T08:13:24.555554+00:00] main.INFO: Add of item with id Magento_Sales::sales_invoice was processed [] []
[2023-07-06T08:13:24.556072+00:00] main.INFO: Add of item with id Magento_Sales::sales_shipment was processed [] []
[2023-07-06T08:13:24.556574+00:00] main.INFO: Add of item with id Magento_Sales::sales_creditmemo was processed [] []
[2023-07-06T08:13:24.557091+00:00] main.INFO: Add of item with id Magento_Sales::sales_transactions was processed [] []
[2023-07-06T08:13:24.557572+00:00] main.INFO: Add of item with id Magento_Sales::system_order_statuses was processed [] []
[2023-07-06T08:13:24.558048+00:00] main.INFO: Add of item with id Magento_Widget::cms_widget_instance was processed [] []
[2023-07-06T08:13:24.558565+00:00] main.INFO: Add of item with id Magento_Analytics::business_intelligence was processed [] []
[2023-07-06T08:13:24.559068+00:00] main.INFO: Add of item with id Magento_Analytics::advanced_reporting was processed [] []
[2023-07-06T08:13:24.559551+00:00] main.INFO: Add of item with id Magento_Analytics::bi_essentials was processed [] []
[2023-07-06T08:13:24.560050+00:00] main.INFO: Add of item with id Magento_Downloadable::report_products_downloads was processed [] []
[2023-07-06T08:13:24.560554+00:00] main.INFO: Add of item with id Magento_ImportExport::system_convert_import was processed [] []
[2023-07-06T08:13:24.561059+00:00] main.INFO: Add of item with id Magento_ImportExport::system_convert_export was processed [] []
[2023-07-06T08:13:24.561552+00:00] main.INFO: Add of item with id Magento_ImportExport::system_convert_history was processed [] []
[2023-07-06T08:13:24.562065+00:00] main.INFO: Add of item with id Magento_Email::template was processed [] []
[2023-07-06T08:13:24.562545+00:00] main.INFO: Add of item with id Magento_EncryptionKey::system_crypt_key was processed [] []
[2023-07-06T08:13:24.563305+00:00] main.INFO: Add of item with id Magento_InventoryAdminUi::inventory was processed [] []
[2023-07-06T08:13:24.563955+00:00] main.INFO: Add of item with id Magento_InventoryAdminUi::source was processed [] []
[2023-07-06T08:13:24.564445+00:00] main.INFO: Add of item with id Magento_InventoryAdminUi::stock was processed [] []
[2023-07-06T08:13:24.564926+00:00] main.INFO: Add of item with id Magento_Reports::report was processed [] []
[2023-07-06T08:13:24.565443+00:00] main.INFO: Add of item with id Magento_Reports::report_marketing was processed [] []
[2023-07-06T08:13:24.565920+00:00] main.INFO: Add of item with id Magento_Reports::report_salesroot was processed [] []
[2023-07-06T08:13:24.566423+00:00] main.INFO: Add of item with id Magento_Reports::report_salesroot_sales was processed [] []
[2023-07-06T08:13:24.566942+00:00] main.INFO: Add of item with id Magento_Reports::report_salesroot_tax was processed [] []
[2023-07-06T08:13:24.567421+00:00] main.INFO: Add of item with id Magento_Reports::report_salesroot_invoiced was processed [] []
[2023-07-06T08:13:24.567900+00:00] main.INFO: Add of item with id Magento_Reports::report_salesroot_shipping was processed [] []
[2023-07-06T08:13:24.568377+00:00] main.INFO: Add of item with id Magento_Reports::report_salesroot_refunded was processed [] []
[2023-07-06T08:13:24.568853+00:00] main.INFO: Add of item with id Magento_Reports::report_salesroot_coupons was processed [] []
[2023-07-06T08:13:24.569393+00:00] main.INFO: Add of item with id Magento_Reports::report_shopcart_product was processed [] []
[2023-07-06T08:13:24.569887+00:00] main.INFO: Add of item with id Magento_Reports::report_shopcart_abandoned was processed [] []
[2023-07-06T08:13:24.570381+00:00] main.INFO: Add of item with id Magento_Reports::report_products was processed [] []
[2023-07-06T08:13:24.570857+00:00] main.INFO: Add of item with id Magento_Reports::report_products_bestsellers was processed [] []
[2023-07-06T08:13:24.571332+00:00] main.INFO: Add of item with id Magento_Reports::report_products_sold was processed [] []
[2023-07-06T08:13:24.571858+00:00] main.INFO: Add of item with id Magento_Reports::report_products_viewed was processed [] []
[2023-07-06T08:13:24.572432+00:00] main.INFO: Add of item with id Magento_Reports::report_products_lowstock was processed [] []
[2023-07-06T08:13:24.573012+00:00] main.INFO: Add of item with id Magento_Reports::report_customers was processed [] []
[2023-07-06T08:13:24.573579+00:00] main.INFO: Add of item with id Magento_Reports::report_customers_accounts was processed [] []
[2023-07-06T08:13:24.574160+00:00] main.INFO: Add of item with id Magento_Reports::report_customers_totals was processed [] []
[2023-07-06T08:13:24.574638+00:00] main.INFO: Add of item with id Magento_Reports::report_customers_orders was processed [] []
[2023-07-06T08:13:24.575112+00:00] main.INFO: Add of item with id Magento_Reports::report_statistics was processed [] []
[2023-07-06T08:13:24.575645+00:00] main.INFO: Add of item with id Magento_Reports::report_statistics_refresh was processed [] []
[2023-07-06T08:13:24.576156+00:00] main.INFO: Add of item with id Magento_Search::report_search_term was processed [] []
[2023-07-06T08:13:24.576632+00:00] main.INFO: Add of item with id Magento_LoginAsCustomerLog::login_log was processed [] []
[2023-07-06T08:13:24.577145+00:00] main.INFO: Add of item with id Magento_Marketplace::partners was processed [] []
[2023-07-06T08:13:24.577639+00:00] main.INFO: Add of item with id Magento_Newsletter::newsletter_template was processed [] []
[2023-07-06T08:13:24.578161+00:00] main.INFO: Add of item with id Magento_Newsletter::newsletter_queue was processed [] []
[2023-07-06T08:13:24.578634+00:00] main.INFO: Add of item with id Magento_Newsletter::newsletter_subscriber was processed [] []
[2023-07-06T08:13:24.579154+00:00] main.INFO: Add of item with id Magento_Newsletter::newsletter_problem was processed [] []
[2023-07-06T08:13:24.580003+00:00] main.INFO: Add of item with id Magento_SalesRule::promo_quote was processed [] []
[2023-07-06T08:13:24.580573+00:00] main.INFO: Add of item with id Magento_Sitemap::catalog_sitemap was processed [] []
[2023-07-06T08:13:24.581095+00:00] main.INFO: Add of item with id Magento_PageBuilder::templates was processed [] []
[2023-07-06T08:13:24.581596+00:00] main.INFO: Add of item with id Magento_Paypal::report_salesroot_paypal_settlement_reports was processed [] []
[2023-07-06T08:13:24.582185+00:00] main.INFO: Add of item with id Magento_Paypal::paypal_billing_agreement was processed [] []
[2023-07-06T08:13:24.582665+00:00] main.INFO: Add of item with id Magento_CheckoutAgreements::sales_checkoutagreement was processed [] []
[2023-07-06T08:13:24.583140+00:00] main.INFO: Add of item with id Magento_Review::catalog_reviews_ratings_ratings was processed [] []
[2023-07-06T08:13:24.583660+00:00] main.INFO: Add of item with id Magento_Review::catalog_reviews_ratings_pending was processed [] []
[2023-07-06T08:13:24.584205+00:00] main.INFO: Add of item with id Magento_Review::catalog_reviews_ratings_reviews_all was processed [] []
[2023-07-06T08:13:24.584698+00:00] main.INFO: Add of item with id Magento_Review::report_review was processed [] []
[2023-07-06T08:13:24.585261+00:00] main.INFO: Add of item with id Magento_Review::report_review_customer was processed [] []
[2023-07-06T08:13:24.585826+00:00] main.INFO: Add of item with id Magento_Review::report_review_product was processed [] []
[2023-07-06T08:13:24.586423+00:00] main.INFO: Add of item with id Magento_UrlRewrite::urlrewrite was processed [] []
[2023-07-06T08:13:24.586941+00:00] main.INFO: Add of item with id Magento_Tax::sales_tax was processed [] []
[2023-07-06T08:13:24.587480+00:00] main.INFO: Add of item with id Magento_Tax::sales_tax_rules was processed [] []
[2023-07-06T08:13:24.588079+00:00] main.INFO: Add of item with id Magento_Tax::sales_tax_rates was processed [] []
[2023-07-06T08:13:24.588669+00:00] main.INFO: Add of item with id Magento_TaxImportExport::system_convert_tax was processed [] []
[2023-07-06T08:13:24.589187+00:00] main.INFO: Add of item with id Magento_AsynchronousOperations::system_magento_logging was processed [] []
[2023-07-06T08:13:24.589725+00:00] main.INFO: Add of item with id Magento_AsynchronousOperations::system_magento_logging_bulk_operations was processed [] []
[2023-07-06T08:13:24.590272+00:00] main.INFO: Add of item with id Magento_CurrencySymbol::system_currency was processed [] []
[2023-07-06T08:13:24.590784+00:00] main.INFO: Add of item with id Magento_CurrencySymbol::system_currency_rates was processed [] []
[2023-07-06T08:13:24.591268+00:00] main.INFO: Add of item with id Magento_CurrencySymbol::system_currency_symbols was processed [] []
[2023-07-06T08:13:24.591747+00:00] main.INFO: Add of item with id Magenest_Delivery::Magenest was processed [] []
[2023-07-06T08:13:24.592249+00:00] main.INFO: Add of item with id Magenest_Delivery::menu was processed [] []
[2023-07-06T08:13:24.592755+00:00] main.INFO: Add of item with id Magenest_Delivery::manage was processed [] []
[2023-07-06T08:13:24.593274+00:00] main.INFO: Add of item with id Magenest_Delivery::configuration was processed [] []
[2023-07-06T08:13:24.593753+00:00] main.INFO: Add of item with id PayPal_Braintree::settlement_report was processed [] []
[2023-07-06T08:13:24.594263+00:00] main.INFO: Add of item with id PayPal_Braintree::virtual_terminal was processed [] []
[2023-07-06T08:13:31.219277+00:00] main.INFO: Broken reference: the 'notification.messages' tries to reorder itself towards 'user', but their parents are different: 'header.inner.right' and 'header' respectively. [] []
[2023-07-06T08:13:31.343669+00:00] main.ERROR: Class "input" does not exist [] []
[2023-07-06T08:15:11.276171+00:00] main.INFO: Broken reference: the 'notification.messages' tries to reorder itself towards 'user', but their parents are different: 'header.inner.right' and 'header' respectively. [] []
[2023-07-06T08:15:11.322954+00:00] main.INFO: Item Magento_Backend::system_currency was removed [] []
[2023-07-06T08:15:11.330208+00:00] main.INFO: Add of item with id Magento_Config::system_config was processed [] []
[2023-07-06T08:15:11.330858+00:00] main.INFO: Add of item with id Magento_AdminNotification::system_adminnotification was processed [] []
[2023-07-06T08:15:11.331416+00:00] main.INFO: Add of item with id Magento_Theme::design_config was processed [] []
[2023-07-06T08:15:11.331908+00:00] main.INFO: Add of item with id Magento_Theme::system_design_theme was processed [] []
[2023-07-06T08:15:11.332420+00:00] main.INFO: Add of item with id Magento_Backend::system_design_schedule was processed [] []
[2023-07-06T08:15:11.332915+00:00] main.INFO: Add of item with id Magento_Backend::system_store was processed [] []
[2023-07-06T08:15:11.333448+00:00] main.INFO: Add of item with id Magento_Backend::dashboard was processed [] []
[2023-07-06T08:15:11.333941+00:00] main.INFO: Add of item with id Magento_Backend::system was processed [] []
[2023-07-06T08:15:11.334457+00:00] main.INFO: Add of item with id Magento_Backend::system_tools was processed [] []
[2023-07-06T08:15:11.334985+00:00] main.INFO: Add of item with id Magento_Backend::system_design was processed [] []
[2023-07-06T08:15:11.335504+00:00] main.INFO: Add of item with id Magento_Backend::system_convert was processed [] []
[2023-07-06T08:15:11.336110+00:00] main.INFO: Add of item with id Magento_Backend::system_cache was processed [] []
[2023-07-06T08:15:11.336775+00:00] main.INFO: Add of item with id Magento_Backend::marketing was processed [] []
[2023-07-06T08:15:11.337520+00:00] main.INFO: Add of item with id Magento_Backend::marketing_communications was processed [] []
[2023-07-06T08:15:11.338095+00:00] main.INFO: Add of item with id Magento_Backend::marketing_seo was processed [] []
[2023-07-06T08:15:11.338625+00:00] main.INFO: Add of item with id Magento_Backend::marketing_user_content was processed [] []
[2023-07-06T08:15:11.339185+00:00] main.INFO: Add of item with id Magento_Backend::content was processed [] []
[2023-07-06T08:15:11.339762+00:00] main.INFO: Add of item with id Magento_Backend::content_elements was processed [] []
[2023-07-06T08:15:11.340255+00:00] main.INFO: Add of item with id Magento_Backend::stores was processed [] []
[2023-07-06T08:15:11.340797+00:00] main.INFO: Add of item with id Magento_Backend::stores_settings was processed [] []
[2023-07-06T08:15:11.341316+00:00] main.INFO: Add of item with id Magento_Backend::stores_attributes was processed [] []
[2023-07-06T08:15:11.341871+00:00] main.INFO: Add of item with id Magento_Backend::other_settings was processed [] []
[2023-07-06T08:15:11.342524+00:00] main.INFO: Add of item with id Magento_Backend::system_other_settings was processed [] []
[2023-07-06T08:15:11.343088+00:00] main.INFO: Add of item with id Magento_User::system_acl was processed [] []
[2023-07-06T08:15:11.343622+00:00] main.INFO: Add of item with id Magento_User::system_acl_users was processed [] []
[2023-07-06T08:15:11.344107+00:00] main.INFO: Add of item with id Magento_User::system_acl_roles was processed [] []
[2023-07-06T08:15:11.344583+00:00] main.INFO: Add of item with id Magento_User::system_acl_locks was processed [] []
[2023-07-06T08:15:11.345101+00:00] main.INFO: Add of item with id Magento_Customer::customer was processed [] []
[2023-07-06T08:15:11.345752+00:00] main.INFO: Add of item with id Magento_Customer::customer_manage was processed [] []
[2023-07-06T08:15:11.346268+00:00] main.INFO: Add of item with id Magento_Customer::customer_online was processed [] []
[2023-07-06T08:15:11.346760+00:00] main.INFO: Add of item with id Magento_Customer::customer_group was processed [] []
[2023-07-06T08:15:11.347268+00:00] main.INFO: Add of item with id Magento_Backup::system_tools_backup was processed [] []
[2023-07-06T08:15:11.347745+00:00] main.INFO: Add of item with id Magento_Indexer::system_index was processed [] []
[2023-07-06T08:15:11.348238+00:00] main.INFO: Add of item with id Magento_Variable::system_variable was processed [] []
[2023-07-06T08:15:11.348756+00:00] main.INFO: Add of item with id Magento_Cms::cms_page was processed [] []
[2023-07-06T08:15:11.349314+00:00] main.INFO: Add of item with id Magento_Cms::cms_block was processed [] []
[2023-07-06T08:15:11.349830+00:00] main.INFO: Add of item with id Magento_Search::search_terms was processed [] []
[2023-07-06T08:15:11.350317+00:00] main.INFO: Add of item with id Magento_Search::search_synonyms was processed [] []
[2023-07-06T08:15:11.350801+00:00] main.INFO: Add of item with id Magento_Catalog::catalog was processed [] []
[2023-07-06T08:15:11.351311+00:00] main.INFO: Add of item with id Magento_Catalog::catalog_products was processed [] []
[2023-07-06T08:15:11.351828+00:00] main.INFO: Add of item with id Magento_Catalog::catalog_categories was processed [] []
[2023-07-06T08:15:11.352429+00:00] main.INFO: Add of item with id Magento_Catalog::catalog_attributes_attributes was processed [] []
[2023-07-06T08:15:11.352999+00:00] main.INFO: Add of item with id Magento_Catalog::catalog_attributes_sets was processed [] []
[2023-07-06T08:15:11.353607+00:00] main.INFO: Add of item with id Magento_Catalog::inventory was processed [] []
[2023-07-06T08:15:11.354112+00:00] main.INFO: Add of item with id Magento_CatalogRule::promo was processed [] []
[2023-07-06T08:15:11.354635+00:00] main.INFO: Add of item with id Magento_CatalogRule::promo_catalog was processed [] []
[2023-07-06T08:15:11.355131+00:00] main.INFO: Add of item with id Magento_MediaGalleryUi::media was processed [] []
[2023-07-06T08:15:11.355666+00:00] main.INFO: Add of item with id Magento_MediaGalleryUi::media_gallery was processed [] []
[2023-07-06T08:15:11.356158+00:00] main.INFO: Add of item with id Magento_Integration::system_extensions was processed [] []
[2023-07-06T08:15:11.356731+00:00] main.INFO: Add of item with id Magento_Integration::system_integrations was processed [] []
[2023-07-06T08:15:11.357285+00:00] main.INFO: Add of item with id Magento_Sales::sales was processed [] []
[2023-07-06T08:15:11.357819+00:00] main.INFO: Add of item with id Magento_Sales::sales_operation was processed [] []
[2023-07-06T08:15:11.358359+00:00] main.INFO: Add of item with id Magento_Sales::sales_order was processed [] []
[2023-07-06T08:15:11.358882+00:00] main.INFO: Add of item with id Magento_Sales::sales_invoice was processed [] []
[2023-07-06T08:15:11.359416+00:00] main.INFO: Add of item with id Magento_Sales::sales_shipment was processed [] []
[2023-07-06T08:15:11.359953+00:00] main.INFO: Add of item with id Magento_Sales::sales_creditmemo was processed [] []
[2023-07-06T08:15:11.360493+00:00] main.INFO: Add of item with id Magento_Sales::sales_transactions was processed [] []
[2023-07-06T08:15:11.361002+00:00] main.INFO: Add of item with id Magento_Sales::system_order_statuses was processed [] []
[2023-07-06T08:15:11.361543+00:00] main.INFO: Add of item with id Magento_Widget::cms_widget_instance was processed [] []
[2023-07-06T08:15:11.362080+00:00] main.INFO: Add of item with id Magento_Analytics::business_intelligence was processed [] []
[2023-07-06T08:15:11.362666+00:00] main.INFO: Add of item with id Magento_Analytics::advanced_reporting was processed [] []
[2023-07-06T08:15:11.363169+00:00] main.INFO: Add of item with id Magento_Analytics::bi_essentials was processed [] []
[2023-07-06T08:15:11.363693+00:00] main.INFO: Add of item with id Magento_Downloadable::report_products_downloads was processed [] []
[2023-07-06T08:15:11.364218+00:00] main.INFO: Add of item with id Magento_ImportExport::system_convert_import was processed [] []
[2023-07-06T08:15:11.364716+00:00] main.INFO: Add of item with id Magento_ImportExport::system_convert_export was processed [] []
[2023-07-06T08:15:11.365378+00:00] main.INFO: Add of item with id Magento_ImportExport::system_convert_history was processed [] []
[2023-07-06T08:15:11.365921+00:00] main.INFO: Add of item with id Magento_Email::template was processed [] []
[2023-07-06T08:15:11.366422+00:00] main.INFO: Add of item with id Magento_EncryptionKey::system_crypt_key was processed [] []
[2023-07-06T08:15:11.366905+00:00] main.INFO: Add of item with id Magento_InventoryAdminUi::inventory was processed [] []
[2023-07-06T08:15:11.367415+00:00] main.INFO: Add of item with id Magento_InventoryAdminUi::source was processed [] []
[2023-07-06T08:15:11.367898+00:00] main.INFO: Add of item with id Magento_InventoryAdminUi::stock was processed [] []
[2023-07-06T08:15:11.368380+00:00] main.INFO: Add of item with id Magento_Reports::report was processed [] []
[2023-07-06T08:15:11.368856+00:00] main.INFO: Add of item with id Magento_Reports::report_marketing was processed [] []
[2023-07-06T08:15:11.369380+00:00] main.INFO: Add of item with id Magento_Reports::report_salesroot was processed [] []
[2023-07-06T08:15:11.369991+00:00] main.INFO: Add of item with id Magento_Reports::report_salesroot_sales was processed [] []
[2023-07-06T08:15:11.370501+00:00] main.INFO: Add of item with id Magento_Reports::report_salesroot_tax was processed [] []
[2023-07-06T08:15:11.370983+00:00] main.INFO: Add of item with id Magento_Reports::report_salesroot_invoiced was processed [] []
[2023-07-06T08:15:11.371472+00:00] main.INFO: Add of item with id Magento_Reports::report_salesroot_shipping was processed [] []
[2023-07-06T08:15:11.371979+00:00] main.INFO: Add of item with id Magento_Reports::report_salesroot_refunded was processed [] []
[2023-07-06T08:15:11.372472+00:00] main.INFO: Add of item with id Magento_Reports::report_salesroot_coupons was processed [] []
[2023-07-06T08:15:11.373049+00:00] main.INFO: Add of item with id Magento_Reports::report_shopcart_product was processed [] []
[2023-07-06T08:15:11.373554+00:00] main.INFO: Add of item with id Magento_Reports::report_shopcart_abandoned was processed [] []
[2023-07-06T08:15:11.374049+00:00] main.INFO: Add of item with id Magento_Reports::report_products was processed [] []
[2023-07-06T08:15:11.374544+00:00] main.INFO: Add of item with id Magento_Reports::report_products_bestsellers was processed [] []
[2023-07-06T08:15:11.375068+00:00] main.INFO: Add of item with id Magento_Reports::report_products_sold was processed [] []
[2023-07-06T08:15:11.375549+00:00] main.INFO: Add of item with id Magento_Reports::report_products_viewed was processed [] []
[2023-07-06T08:15:11.376065+00:00] main.INFO: Add of item with id Magento_Reports::report_products_lowstock was processed [] []
[2023-07-06T08:15:11.376570+00:00] main.INFO: Add of item with id Magento_Reports::report_customers was processed [] []
[2023-07-06T08:15:11.377139+00:00] main.INFO: Add of item with id Magento_Reports::report_customers_accounts was processed [] []
[2023-07-06T08:15:11.377648+00:00] main.INFO: Add of item with id Magento_Reports::report_customers_totals was processed [] []
[2023-07-06T08:15:11.378140+00:00] main.INFO: Add of item with id Magento_Reports::report_customers_orders was processed [] []
[2023-07-06T08:15:11.378640+00:00] main.INFO: Add of item with id Magento_Reports::report_statistics was processed [] []
[2023-07-06T08:15:11.379157+00:00] main.INFO: Add of item with id Magento_Reports::report_statistics_refresh was processed [] []
[2023-07-06T08:15:11.379645+00:00] main.INFO: Add of item with id Magento_Search::report_search_term was processed [] []
[2023-07-06T08:15:11.380142+00:00] main.INFO: Add of item with id Magento_LoginAsCustomerLog::login_log was processed [] []
[2023-07-06T08:15:11.380625+00:00] main.INFO: Add of item with id Magento_Marketplace::partners was processed [] []
[2023-07-06T08:15:11.381152+00:00] main.INFO: Add of item with id Magento_Newsletter::newsletter_template was processed [] []
[2023-07-06T08:15:11.381639+00:00] main.INFO: Add of item with id Magento_Newsletter::newsletter_queue was processed [] []
[2023-07-06T08:15:11.382115+00:00] main.INFO: Add of item with id Magento_Newsletter::newsletter_subscriber was processed [] []
[2023-07-06T08:15:11.382637+00:00] main.INFO: Add of item with id Magento_Newsletter::newsletter_problem was processed [] []
[2023-07-06T08:15:11.383130+00:00] main.INFO: Add of item with id Magento_SalesRule::promo_quote was processed [] []
[2023-07-06T08:15:11.383607+00:00] main.INFO: Add of item with id Magento_Sitemap::catalog_sitemap was processed [] []
[2023-07-06T08:15:11.384112+00:00] main.INFO: Add of item with id Magento_PageBuilder::templates was processed [] []
[2023-07-06T08:15:11.384646+00:00] main.INFO: Add of item with id Magento_Paypal::report_salesroot_paypal_settlement_reports was processed [] []
[2023-07-06T08:15:11.385176+00:00] main.INFO: Add of item with id Magento_Paypal::paypal_billing_agreement was processed [] []
[2023-07-06T08:15:11.385665+00:00] main.INFO: Add of item with id Magento_CheckoutAgreements::sales_checkoutagreement was processed [] []
[2023-07-06T08:15:11.386166+00:00] main.INFO: Add of item with id Magento_Review::catalog_reviews_ratings_ratings was processed [] []
[2023-07-06T08:15:11.386932+00:00] main.INFO: Add of item with id Magento_Review::catalog_reviews_ratings_pending was processed [] []
[2023-07-06T08:15:11.387568+00:00] main.INFO: Add of item with id Magento_Review::catalog_reviews_ratings_reviews_all was processed [] []
[2023-07-06T08:15:11.388101+00:00] main.INFO: Add of item with id Magento_Review::report_review was processed [] []
[2023-07-06T08:15:11.388669+00:00] main.INFO: Add of item with id Magento_Review::report_review_customer was processed [] []
[2023-07-06T08:15:11.389311+00:00] main.INFO: Add of item with id Magento_Review::report_review_product was processed [] []
[2023-07-06T08:15:11.389886+00:00] main.INFO: Add of item with id Magento_UrlRewrite::urlrewrite was processed [] []
[2023-07-06T08:15:11.390398+00:00] main.INFO: Add of item with id Magento_Tax::sales_tax was processed [] []
[2023-07-06T08:15:11.390939+00:00] main.INFO: Add of item with id Magento_Tax::sales_tax_rules was processed [] []
[2023-07-06T08:15:11.391443+00:00] main.INFO: Add of item with id Magento_Tax::sales_tax_rates was processed [] []
[2023-07-06T08:15:11.391950+00:00] main.INFO: Add of item with id Magento_TaxImportExport::system_convert_tax was processed [] []
[2023-07-06T08:15:11.392492+00:00] main.INFO: Add of item with id Magento_AsynchronousOperations::system_magento_logging was processed [] []
[2023-07-06T08:15:11.393091+00:00] main.INFO: Add of item with id Magento_AsynchronousOperations::system_magento_logging_bulk_operations was processed [] []
[2023-07-06T08:15:11.393604+00:00] main.INFO: Add of item with id Magento_CurrencySymbol::system_currency was processed [] []
[2023-07-06T08:15:11.394149+00:00] main.INFO: Add of item with id Magento_CurrencySymbol::system_currency_rates was processed [] []
[2023-07-06T08:15:11.394847+00:00] main.INFO: Add of item with id Magento_CurrencySymbol::system_currency_symbols was processed [] []
[2023-07-06T08:15:11.395336+00:00] main.INFO: Add of item with id Magenest_Delivery::Magenest was processed [] []
[2023-07-06T08:15:11.395861+00:00] main.INFO: Add of item with id Magenest_Delivery::menu was processed [] []
[2023-07-06T08:15:11.396373+00:00] main.INFO: Add of item with id Magenest_Delivery::manage was processed [] []
[2023-07-06T08:15:11.396876+00:00] main.INFO: Add of item with id Magenest_Delivery::configuration was processed [] []
[2023-07-06T08:15:11.397428+00:00] main.INFO: Add of item with id PayPal_Braintree::settlement_report was processed [] []
[2023-07-06T08:15:11.397918+00:00] main.INFO: Add of item with id PayPal_Braintree::virtual_terminal was processed [] []
[2023-07-06T08:16:47.272341+00:00] main.INFO: Broken reference: the 'notification.messages' tries to reorder itself towards 'user', but their parents are different: 'header.inner.right' and 'header' respectively. [] []
[2023-07-06T08:16:47.345204+00:00] main.INFO: Item Magento_Backend::system_currency was removed [] []
[2023-07-06T08:16:47.358384+00:00] main.INFO: Add of item with id Magento_Config::system_config was processed [] []
[2023-07-06T08:16:47.359574+00:00] main.INFO: Add of item with id Magento_AdminNotification::system_adminnotification was processed [] []
[2023-07-06T08:16:47.360681+00:00] main.INFO: Add of item with id Magento_Theme::design_config was processed [] []
[2023-07-06T08:16:47.361815+00:00] main.INFO: Add of item with id Magento_Theme::system_design_theme was processed [] []
[2023-07-06T08:16:47.362833+00:00] main.INFO: Add of item with id Magento_Backend::system_design_schedule was processed [] []
[2023-07-06T08:16:47.363885+00:00] main.INFO: Add of item with id Magento_Backend::system_store was processed [] []
[2023-07-06T08:16:47.364905+00:00] main.INFO: Add of item with id Magento_Backend::dashboard was processed [] []
[2023-07-06T08:16:47.365993+00:00] main.INFO: Add of item with id Magento_Backend::system was processed [] []
[2023-07-06T08:16:47.367200+00:00] main.INFO: Add of item with id Magento_Backend::system_tools was processed [] []
[2023-07-06T08:16:47.368671+00:00] main.INFO: Add of item with id Magento_Backend::system_design was processed [] []
[2023-07-06T08:16:47.370010+00:00] main.INFO: Add of item with id Magento_Backend::system_convert was processed [] []
[2023-07-06T08:16:47.371566+00:00] main.INFO: Add of item with id Magento_Backend::system_cache was processed [] []
[2023-07-06T08:16:47.372714+00:00] main.INFO: Add of item with id Magento_Backend::marketing was processed [] []
[2023-07-06T08:16:47.373926+00:00] main.INFO: Add of item with id Magento_Backend::marketing_communications was processed [] []
[2023-07-06T08:16:47.374966+00:00] main.INFO: Add of item with id Magento_Backend::marketing_seo was processed [] []
[2023-07-06T08:16:47.375981+00:00] main.INFO: Add of item with id Magento_Backend::marketing_user_content was processed [] []
[2023-07-06T08:16:47.376965+00:00] main.INFO: Add of item with id Magento_Backend::content was processed [] []
[2023-07-06T08:16:47.377967+00:00] main.INFO: Add of item with id Magento_Backend::content_elements was processed [] []
[2023-07-06T08:16:47.378957+00:00] main.INFO: Add of item with id Magento_Backend::stores was processed [] []
[2023-07-06T08:16:47.380015+00:00] main.INFO: Add of item with id Magento_Backend::stores_settings was processed [] []
[2023-07-06T08:16:47.381089+00:00] main.INFO: Add of item with id Magento_Backend::stores_attributes was processed [] []
[2023-07-06T08:16:47.382145+00:00] main.INFO: Add of item with id Magento_Backend::other_settings was processed [] []
[2023-07-06T08:16:47.383186+00:00] main.INFO: Add of item with id Magento_Backend::system_other_settings was processed [] []
[2023-07-06T08:16:47.384335+00:00] main.INFO: Add of item with id Magento_User::system_acl was processed [] []
[2023-07-06T08:16:47.385586+00:00] main.INFO: Add of item with id Magento_User::system_acl_users was processed [] []
[2023-07-06T08:16:47.386790+00:00] main.INFO: Add of item with id Magento_User::system_acl_roles was processed [] []
[2023-07-06T08:16:47.388209+00:00] main.INFO: Add of item with id Magento_User::system_acl_locks was processed [] []
[2023-07-06T08:16:47.389403+00:00] main.INFO: Add of item with id Magento_Customer::customer was processed [] []
[2023-07-06T08:16:47.390588+00:00] main.INFO: Add of item with id Magento_Customer::customer_manage was processed [] []
[2023-07-06T08:16:47.391708+00:00] main.INFO: Add of item with id Magento_Customer::customer_online was processed [] []
[2023-07-06T08:16:47.392741+00:00] main.INFO: Add of item with id Magento_Customer::customer_group was processed [] []
[2023-07-06T08:16:47.393800+00:00] main.INFO: Add of item with id Magento_Backup::system_tools_backup was processed [] []
[2023-07-06T08:16:47.394782+00:00] main.INFO: Add of item with id Magento_Indexer::system_index was processed [] []
[2023-07-06T08:16:47.395760+00:00] main.INFO: Add of item with id Magento_Variable::system_variable was processed [] []
[2023-07-06T08:16:47.396788+00:00] main.INFO: Add of item with id Magento_Cms::cms_page was processed [] []
[2023-07-06T08:16:47.397757+00:00] main.INFO: Add of item with id Magento_Cms::cms_block was processed [] []
[2023-07-06T08:16:47.398858+00:00] main.INFO: Add of item with id Magento_Search::search_terms was processed [] []
[2023-07-06T08:16:47.399940+00:00] main.INFO: Add of item with id Magento_Search::search_synonyms was processed [] []
[2023-07-06T08:16:47.401183+00:00] main.INFO: Add of item with id Magento_Catalog::catalog was processed [] []
[2023-07-06T08:16:47.402443+00:00] main.INFO: Add of item with id Magento_Catalog::catalog_products was processed [] []
[2023-07-06T08:16:47.403607+00:00] main.INFO: Add of item with id Magento_Catalog::catalog_categories was processed [] []
[2023-07-06T08:16:47.404980+00:00] main.INFO: Add of item with id Magento_Catalog::catalog_attributes_attributes was processed [] []
[2023-07-06T08:16:47.406359+00:00] main.INFO: Add of item with id Magento_Catalog::catalog_attributes_sets was processed [] []
[2023-07-06T08:16:47.407541+00:00] main.INFO: Add of item with id Magento_Catalog::inventory was processed [] []
[2023-07-06T08:16:47.408591+00:00] main.INFO: Add of item with id Magento_CatalogRule::promo was processed [] []
[2023-07-06T08:16:47.409726+00:00] main.INFO: Add of item with id Magento_CatalogRule::promo_catalog was processed [] []
[2023-07-06T08:16:47.410756+00:00] main.INFO: Add of item with id Magento_MediaGalleryUi::media was processed [] []
[2023-07-06T08:16:47.411876+00:00] main.INFO: Add of item with id Magento_MediaGalleryUi::media_gallery was processed [] []
[2023-07-06T08:16:47.412895+00:00] main.INFO: Add of item with id Magento_Integration::system_extensions was processed [] []
[2023-07-06T08:16:47.414013+00:00] main.INFO: Add of item with id Magento_Integration::system_integrations was processed [] []
[2023-07-06T08:16:47.415104+00:00] main.INFO: Add of item with id Magento_Sales::sales was processed [] []
[2023-07-06T08:16:47.416191+00:00] main.INFO: Add of item with id Magento_Sales::sales_operation was processed [] []
[2023-07-06T08:16:47.417427+00:00] main.INFO: Add of item with id Magento_Sales::sales_order was processed [] []
[2023-07-06T08:16:47.418601+00:00] main.INFO: Add of item with id Magento_Sales::sales_invoice was processed [] []
[2023-07-06T08:16:47.419651+00:00] main.INFO: Add of item with id Magento_Sales::sales_shipment was processed [] []
[2023-07-06T08:16:47.420962+00:00] main.INFO: Add of item with id Magento_Sales::sales_creditmemo was processed [] []
[2023-07-06T08:16:47.422425+00:00] main.INFO: Add of item with id Magento_Sales::sales_transactions was processed [] []
[2023-07-06T08:16:47.423603+00:00] main.INFO: Add of item with id Magento_Sales::system_order_statuses was processed [] []
[2023-07-06T08:16:47.424668+00:00] main.INFO: Add of item with id Magento_Widget::cms_widget_instance was processed [] []
[2023-07-06T08:16:47.425756+00:00] main.INFO: Add of item with id Magento_Analytics::business_intelligence was processed [] []
[2023-07-06T08:16:47.426839+00:00] main.INFO: Add of item with id Magento_Analytics::advanced_reporting was processed [] []
[2023-07-06T08:16:47.427863+00:00] main.INFO: Add of item with id Magento_Analytics::bi_essentials was processed [] []
[2023-07-06T08:16:47.428947+00:00] main.INFO: Add of item with id Magento_Downloadable::report_products_downloads was processed [] []
[2023-07-06T08:16:47.430071+00:00] main.INFO: Add of item with id Magento_ImportExport::system_convert_import was processed [] []
[2023-07-06T08:16:47.431101+00:00] main.INFO: Add of item with id Magento_ImportExport::system_convert_export was processed [] []
[2023-07-06T08:16:47.432110+00:00] main.INFO: Add of item with id Magento_ImportExport::system_convert_history was processed [] []
[2023-07-06T08:16:47.433184+00:00] main.INFO: Add of item with id Magento_Email::template was processed [] []
[2023-07-06T08:16:47.434326+00:00] main.INFO: Add of item with id Magento_EncryptionKey::system_crypt_key was processed [] []
[2023-07-06T08:16:47.435388+00:00] main.INFO: Add of item with id Magento_InventoryAdminUi::inventory was processed [] []
[2023-07-06T08:16:47.436649+00:00] main.INFO: Add of item with id Magento_InventoryAdminUi::source was processed [] []
[2023-07-06T08:16:47.438071+00:00] main.INFO: Add of item with id Magento_InventoryAdminUi::stock was processed [] []
[2023-07-06T08:16:47.439344+00:00] main.INFO: Add of item with id Magento_Reports::report was processed [] []
[2023-07-06T08:16:47.440428+00:00] main.INFO: Add of item with id Magento_Reports::report_marketing was processed [] []
[2023-07-06T08:16:47.441467+00:00] main.INFO: Add of item with id Magento_Reports::report_salesroot was processed [] []
[2023-07-06T08:16:47.442558+00:00] main.INFO: Add of item with id Magento_Reports::report_salesroot_sales was processed [] []
[2023-07-06T08:16:47.443551+00:00] main.INFO: Add of item with id Magento_Reports::report_salesroot_tax was processed [] []
[2023-07-06T08:16:47.444574+00:00] main.INFO: Add of item with id Magento_Reports::report_salesroot_invoiced was processed [] []
[2023-07-06T08:16:47.445596+00:00] main.INFO: Add of item with id Magento_Reports::report_salesroot_shipping was processed [] []
[2023-07-06T08:16:47.446593+00:00] main.INFO: Add of item with id Magento_Reports::report_salesroot_refunded was processed [] []
[2023-07-06T08:16:47.447610+00:00] main.INFO: Add of item with id Magento_Reports::report_salesroot_coupons was processed [] []
[2023-07-06T08:16:47.448656+00:00] main.INFO: Add of item with id Magento_Reports::report_shopcart_product was processed [] []
[2023-07-06T08:16:47.449686+00:00] main.INFO: Add of item with id Magento_Reports::report_shopcart_abandoned was processed [] []
[2023-07-06T08:16:47.450790+00:00] main.INFO: Add of item with id Magento_Reports::report_products was processed [] []
[2023-07-06T08:16:47.452083+00:00] main.INFO: Add of item with id Magento_Reports::report_products_bestsellers was processed [] []
[2023-07-06T08:16:47.453468+00:00] main.INFO: Add of item with id Magento_Reports::report_products_sold was processed [] []
[2023-07-06T08:16:47.454864+00:00] main.INFO: Add of item with id Magento_Reports::report_products_viewed was processed [] []
[2023-07-06T08:16:47.456053+00:00] main.INFO: Add of item with id Magento_Reports::report_products_lowstock was processed [] []
[2023-07-06T08:16:47.457158+00:00] main.INFO: Add of item with id Magento_Reports::report_customers was processed [] []
[2023-07-06T08:16:47.458232+00:00] main.INFO: Add of item with id Magento_Reports::report_customers_accounts was processed [] []
[2023-07-06T08:16:47.459249+00:00] main.INFO: Add of item with id Magento_Reports::report_customers_totals was processed [] []
[2023-07-06T08:16:47.460223+00:00] main.INFO: Add of item with id Magento_Reports::report_customers_orders was processed [] []
[2023-07-06T08:16:47.461196+00:00] main.INFO: Add of item with id Magento_Reports::report_statistics was processed [] []
[2023-07-06T08:16:47.462345+00:00] main.INFO: Add of item with id Magento_Reports::report_statistics_refresh was processed [] []
[2023-07-06T08:16:47.463409+00:00] main.INFO: Add of item with id Magento_Search::report_search_term was processed [] []
[2023-07-06T08:16:47.464437+00:00] main.INFO: Add of item with id Magento_LoginAsCustomerLog::login_log was processed [] []
[2023-07-06T08:16:47.465433+00:00] main.INFO: Add of item with id Magento_Marketplace::partners was processed [] []
[2023-07-06T08:16:47.466447+00:00] main.INFO: Add of item with id Magento_Newsletter::newsletter_template was processed [] []
[2023-07-06T08:16:47.467617+00:00] main.INFO: Add of item with id Magento_Newsletter::newsletter_queue was processed [] []
[2023-07-06T08:16:47.468910+00:00] main.INFO: Add of item with id Magento_Newsletter::newsletter_subscriber was processed [] []
[2023-07-06T08:16:47.470241+00:00] main.INFO: Add of item with id Magento_Newsletter::newsletter_problem was processed [] []
[2023-07-06T08:16:47.471462+00:00] main.INFO: Add of item with id Magento_SalesRule::promo_quote was processed [] []
[2023-07-06T08:16:47.472611+00:00] main.INFO: Add of item with id Magento_Sitemap::catalog_sitemap was processed [] []
[2023-07-06T08:16:47.473746+00:00] main.INFO: Add of item with id Magento_PageBuilder::templates was processed [] []
[2023-07-06T08:16:47.474781+00:00] main.INFO: Add of item with id Magento_Paypal::report_salesroot_paypal_settlement_reports was processed [] []
[2023-07-06T08:16:47.475808+00:00] main.INFO: Add of item with id Magento_Paypal::paypal_billing_agreement was processed [] []
[2023-07-06T08:16:47.476786+00:00] main.INFO: Add of item with id Magento_CheckoutAgreements::sales_checkoutagreement was processed [] []
[2023-07-06T08:16:47.477771+00:00] main.INFO: Add of item with id Magento_Review::catalog_reviews_ratings_ratings was processed [] []
[2023-07-06T08:16:47.478828+00:00] main.INFO: Add of item with id Magento_Review::catalog_reviews_ratings_pending was processed [] []
[2023-07-06T08:16:47.479821+00:00] main.INFO: Add of item with id Magento_Review::catalog_reviews_ratings_reviews_all was processed [] []
[2023-07-06T08:16:47.480859+00:00] main.INFO: Add of item with id Magento_Review::report_review was processed [] []
[2023-07-06T08:16:47.481941+00:00] main.INFO: Add of item with id Magento_Review::report_review_customer was processed [] []
[2023-07-06T08:16:47.482917+00:00] main.INFO: Add of item with id Magento_Review::report_review_product was processed [] []
[2023-07-06T08:16:47.483923+00:00] main.INFO: Add of item with id Magento_UrlRewrite::urlrewrite was processed [] []
[2023-07-06T08:16:47.484991+00:00] main.INFO: Add of item with id Magento_Tax::sales_tax was processed [] []
[2023-07-06T08:16:47.486211+00:00] main.INFO: Add of item with id Magento_Tax::sales_tax_rules was processed [] []
[2023-07-06T08:16:47.487412+00:00] main.INFO: Add of item with id Magento_Tax::sales_tax_rates was processed [] []
[2023-07-06T08:16:47.488863+00:00] main.INFO: Add of item with id Magento_TaxImportExport::system_convert_tax was processed [] []
[2023-07-06T08:16:47.490069+00:00] main.INFO: Add of item with id Magento_AsynchronousOperations::system_magento_logging was processed [] []
[2023-07-06T08:16:47.491230+00:00] main.INFO: Add of item with id Magento_AsynchronousOperations::system_magento_logging_bulk_operations was processed [] []
[2023-07-06T08:16:47.492306+00:00] main.INFO: Add of item with id Magento_CurrencySymbol::system_currency was processed [] []
[2023-07-06T08:16:47.493441+00:00] main.INFO: Add of item with id Magento_CurrencySymbol::system_currency_rates was processed [] []
[2023-07-06T08:16:47.494549+00:00] main.INFO: Add of item with id Magento_CurrencySymbol::system_currency_symbols was processed [] []
[2023-07-06T08:16:47.495562+00:00] main.INFO: Add of item with id Magenest_Delivery::Magenest was processed [] []
[2023-07-06T08:16:47.496633+00:00] main.INFO: Add of item with id Magenest_Delivery::menu was processed [] []
[2023-07-06T08:16:47.497745+00:00] main.INFO: Add of item with id Magenest_Delivery::manage was processed [] []
[2023-07-06T08:16:47.498841+00:00] main.INFO: Add of item with id Magenest_Delivery::configuration was processed [] []
[2023-07-06T08:16:47.499866+00:00] main.INFO: Add of item with id PayPal_Braintree::settlement_report was processed [] []
[2023-07-06T08:16:47.500900+00:00] main.INFO: Add of item with id PayPal_Braintree::virtual_terminal was processed [] []
